<?xml version="1.0" encoding="UTF-8"?>
<!-- Generated by org.testng.reporters.JUnitXMLReporter -->
<testsuite ignored="0" hostname="user" failures="0" tests="8" name="Default test" time="49.341" errors="0" timestamp="2024-05-15T18:18:10 IST">
  <testcase classname="testpkg.Shrishtilogintest" name="logintest" time="10.846"/>
  <testcase classname="testpkg.Shrishtilogintest" name="homepage" time="6.587"/>
  <testcase classname="testpkg.Shrishtilogintest" name="addtocart" time="3.779"/>
  <testcase classname="testpkg.Shrishtilogintest" name="checkout" time="5.286"/>
  <testcase classname="testpkg.Shrishtilogintest" name="clickcollection" time="4.865"/>
  <testcase classname="testpkg.Shrishtilogintest" name="viewcart" time="4.673"/>
  <testcase classname="testpkg.Shrishtilogintest" name="billing" time="3.733"/>
  <testcase classname="testpkg.Shrishtilogintest" name="screenshot" time="0.404"/>
</testsuite> <!-- Default test -->
